Determining if the pthread_create exist failed with the following output:
Change Dir: /home/venkat/Documents/projects/Perception-ros-tuggerbot/build/CMakeFiles/CMakeTmp

Run Build Command:"/usr/bin/make" "cmTC_7926d/fast"
/usr/bin/make -f CMakeFiles/cmTC_7926d.dir/build.make CMakeFiles/cmTC_7926d.dir/build
make[1]: Entering directory '/home/venkat/Documents/projects/Perception-ros-tuggerbot/build/CMakeFiles/CMakeTmp'
Building C object CMakeFiles/cmTC_7926d.dir/CheckSymbolExists.c.o
/usr/bin/cc     -o CMakeFiles/cmTC_7926d.dir/CheckSymbolExists.c.o   -c /home/venkat/Documents/projects/Perception-ros-tuggerbot/build/CMakeFiles/CMakeTmp/CheckSymbolExists.c
Linking C executable cmTC_7926d
/usr/bin/cmake -E cmake_link_script CMakeFiles/cmTC_7926d.dir/link.txt --verbose=1
/usr/bin/cc       CMakeFiles/cmTC_7926d.dir/CheckSymbolExists.c.o  -o cmTC_7926d -rdynamic 
CMakeFiles/cmTC_7926d.dir/CheckSymbolExists.c.o: In function `main':
CheckSymbolExists.c:(.text+0x16): undefined reference to `pthread_create'
collect2: error: ld returned 1 exit status
CMakeFiles/cmTC_7926d.dir/build.make:97: recipe for target 'cmTC_7926d' failed
make[1]: *** [cmTC_7926d] Error 1
make[1]: Leaving directory '/home/venkat/Documents/projects/Perception-ros-tuggerbot/build/CMakeFiles/CMakeTmp'
Makefile:126: recipe for target 'cmTC_7926d/fast' failed
make: *** [cmTC_7926d/fast] Error 2

File /home/venkat/Documents/projects/Perception-ros-tuggerbot/build/CMakeFiles/CMakeTmp/CheckSymbolExists.c:
/* */
#include <pthread.h>

int main(int argc, char** argv)
{
  (void)argv;
#ifndef pthread_create
  return ((int*)(&pthread_create))[argc];
#else
  (void)argc;
  return 0;
#endif
}

Determining if the function pthread_create exists in the pthreads failed with the following output:
Change Dir: /home/venkat/Documents/projects/Perception-ros-tuggerbot/build/CMakeFiles/CMakeTmp

Run Build Command:"/usr/bin/make" "cmTC_e5006/fast"
/usr/bin/make -f CMakeFiles/cmTC_e5006.dir/build.make CMakeFiles/cmTC_e5006.dir/build
make[1]: Entering directory '/home/venkat/Documents/projects/Perception-ros-tuggerbot/build/CMakeFiles/CMakeTmp'
Building C object CMakeFiles/cmTC_e5006.dir/CheckFunctionExists.c.o
/usr/bin/cc    -DCHECK_FUNCTION_EXISTS=pthread_create   -o CMakeFiles/cmTC_e5006.dir/CheckFunctionExists.c.o   -c /usr/share/cmake-3.5/Modules/CheckFunctionExists.c
Linking C executable cmTC_e5006
/usr/bin/cmake -E cmake_link_script CMakeFiles/cmTC_e5006.dir/link.txt --verbose=1
/usr/bin/cc   -DCHECK_FUNCTION_EXISTS=pthread_create    CMakeFiles/cmTC_e5006.dir/CheckFunctionExists.c.o  -o cmTC_e5006 -rdynamic -lpthreads 
/usr/bin/ld: cannot find -lpthreads
collect2: error: ld returned 1 exit status
CMakeFiles/cmTC_e5006.dir/build.make:97: recipe for target 'cmTC_e5006' failed
make[1]: *** [cmTC_e5006] Error 1
make[1]: Leaving directory '/home/venkat/Documents/projects/Perception-ros-tuggerbot/build/CMakeFiles/CMakeTmp'
Makefile:126: recipe for target 'cmTC_e5006/fast' failed
make: *** [cmTC_e5006/fast] Error 2


